Running in verbose mode

-----------------------------------------------------------------
  pg_upgrade run on Sat Jan 17 13:33:43 2015
-----------------------------------------------------------------

check for "/usr/local/Cellar/postgresql/9.3.5_1/bin" failed: No such file or directory


-----------------------------------------------------------------
  pg_upgrade run on Sat Jan 17 13:34:51 2015
-----------------------------------------------------------------

You must identify the directory where the old cluster binaries reside.
Please use the -b command-line option or the PGBINOLD environment variable.
Running in verbose mode
Running in verbose mode

-----------------------------------------------------------------
  pg_upgrade run on Sat Jan 17 13:35:27 2015
-----------------------------------------------------------------

You must identify the directory where the new cluster binaries reside.
Please use the -B command-line option or the PGBINNEW environment variable.
Running in verbose mode
Running in verbose mode

-----------------------------------------------------------------
  pg_upgrade run on Sat Jan 17 13:35:33 2015
-----------------------------------------------------------------

You must identify the directory where the new cluster binaries reside.
Please use the -B command-line option or the PGBINNEW environment variable.
Running in verbose mode

-----------------------------------------------------------------
  pg_upgrade run on Sat Jan 17 13:35:48 2015
-----------------------------------------------------------------

check for "/usr/local/Cellar/postgresql/9.3.5_1/bin" failed: No such file or directory

Running in verbose mode

-----------------------------------------------------------------
  pg_upgrade run on Sat Jan 17 13:36:12 2015
-----------------------------------------------------------------

You must identify the directory where the old cluster data resides.
Please use the -d command-line option or the PGDATAOLD environment variable.
